# JRE version: OpenJDK Runtime Environment (8.0_202-b03) (build 1.8.0_202-release-1483-b03)
# Java VM: OpenJDK 64-Bit Server VM (25.202-b03 mixed mode windows-amd64 compressed oops)
Heap:
 PSYoungGen      total 233472K, used 115545K [0x00000000e0000000, 0x00000000f2780000, 0x0000000100000000)
  eden space 215040K, 45% used [0x00000000e0000000,0x00000000e5ed9550,0x00000000ed200000)
  from space 18432K, 99% used [0x00000000ed200000,0x00000000ee3fcfe8,0x00000000ee400000)
  to   space 20992K, 0% used [0x00000000f1300000,0x00000000f1300000,0x00000000f2780000)
 ParOldGen       total 84992K, used 38483K [0x00000000a0000000, 0x00000000a5300000, 0x00000000e0000000)
  object space 84992K, 45% used [0x00000000a0000000,0x00000000a2594f60,0x00000000a5300000)
 Metaspace       used 64324K, capacity 66602K, committed 66816K, reserved 1107968K
  class space    used 8464K, capacity 8933K, committed 8960K, reserved 1048576K
GC Heap History (10 events):
Event: 32.827 GC heap before
{Heap before GC invocations=12 (full 2):
 PSYoungGen      total 171520K, used 6247K [0x00000000e0000000, 0x00000000ec600000, 0x0000000100000000)
  eden space 158720K, 0% used [0x00000000e0000000,0x00000000e0000000,0x00000000e9b00000)
  from space 12800K, 48% used [0x00000000ea700000,0x00000000ead19d58,0x00000000eb380000)
  to   space 12288K, 0% used [0x00000000e9b00000,0x00000000e9b00000,0x00000000ea700000)
 ParOldGen       total 35328K, used 17736K [0x00000000a0000000, 0x00000000a2280000, 0x00000000e0000000)
  object space 35328K, 50% used [0x00000000a0000000,0x00000000a1152308,0x00000000a2280000)
 Metaspace       used 34713K, capacity 35402K, committed 35456K, reserved 1079296K
  class space    used 4762K, capacity 4948K, committed 4992K, reserved 1048576K
Event: 33.036 GC heap after
Heap after GC invocations=12 (full 2):
 PSYoungGen      total 171520K, used 0K [0x00000000e0000000, 0x00000000ec600000, 0x0000000100000000)
  eden space 158720K, 0% used [0x00000000e0000000,0x00000000e0000000,0x00000000e9b00000)
  from space 12800K, 0% used [0x00000000ea700000,0x00000000ea700000,0x00000000eb380000)
  to   space 12288K, 0% used [0x00000000e9b00000,0x00000000e9b00000,0x00000000ea700000)
 ParOldGen       total 48128K, used 16007K [0x00000000a0000000, 0x00000000a2f00000, 0x00000000e0000000)
  object space 48128K, 33% used [0x00000000a0000000,0x00000000a0fa1d78,0x00000000a2f00000)
 Metaspace       used 34687K, capacity 35312K, committed 35456K, reserved 1079296K
  class space    used 4753K, capacity 4933K, committed 4992K, reserved 1048576K
}
Event: 38.349 GC heap before
{Heap before GC invocations=13 (full 2):
 PSYoungGen      total 171520K, used 158720K [0x00000000e0000000, 0x00000000ec600000, 0x0000000100000000)
  eden space 158720K, 100% used [0x00000000e0000000,0x00000000e9b00000,0x00000000e9b00000)
  from space 12800K, 0% used [0x00000000ea700000,0x00000000ea700000,0x00000000eb380000)
  to   space 12288K, 0% used [0x00000000e9b00000,0x00000000e9b00000,0x00000000ea700000)
 ParOldGen       total 48128K, used 16007K [0x00000000a0000000, 0x00000000a2f00000, 0x00000000e0000000)
  object space 48128K, 33% used [0x00000000a0000000,0x00000000a0fa1d78,0x00000000a2f00000)
 Metaspace       used 48587K, capacity 49790K, committed 49920K, reserved 1091584K
  class space    used 6564K, capacity 6890K, committed 6912K, reserved 1048576K
Event: 38.393 GC heap after
Heap after GC invocations=13 (full 2):
 PSYoungGen      total 171008K, used 12284K [0x00000000e0000000, 0x00000000ef600000, 0x0000000100000000)
  eden space 158720K, 0% used [0x00000000e0000000,0x00000000e0000000,0x00000000e9b00000)
  from space 12288K, 99% used [0x00000000e9b00000,0x00000000ea6ff298,0x00000000ea700000)
  to   space 16384K, 0% used [0x00000000ee600000,0x00000000ee600000,0x00000000ef600000)
 ParOldGen       total 48128K, used 22831K [0x00000000a0000000, 0x00000000a2f00000, 0x00000000e0000000)
  object space 48128K, 47% used [0x00000000a0000000,0x00000000a164bc20,0x00000000a2f00000)
 Metaspace       used 48587K, capacity 49790K, committed 49920K, reserved 1091584K
  class space    used 6564K, capacity 6890K, committed 6912K, reserved 1048576K
}
Event: 43.488 GC heap before
{Heap before GC invocations=14 (full 2):
 PSYoungGen      total 171008K, used 150816K [0x00000000e0000000, 0x00000000ef600000, 0x0000000100000000)
  eden space 158720K, 87% used [0x00000000e0000000,0x00000000e8748fe0,0x00000000e9b00000)
  from space 12288K, 99% used [0x00000000e9b00000,0x00000000ea6ff298,0x00000000ea700000)
  to   space 16384K, 0% used [0x00000000ee600000,0x00000000ee600000,0x00000000ef600000)
 ParOldGen       total 48128K, used 22831K [0x00000000a0000000, 0x00000000a2f00000, 0x00000000e0000000)
  object space 48128K, 47% used [0x00000000a0000000,0x00000000a164bc20,0x00000000a2f00000)
 Metaspace       used 57337K, capacity 59002K, committed 59096K, reserved 1099776K
  class space    used 7778K, capacity 8169K, committed 8192K, reserved 1048576K
Event: 43.525 GC heap after
Heap after GC invocations=14 (full 2):
 PSYoungGen      total 231424K, used 14337K [0x00000000e0000000, 0x00000000ef600000, 0x0000000100000000)
  eden space 215040K, 0% used [0x00000000e0000000,0x00000000e0000000,0x00000000ed200000)
  from space 16384K, 87% used [0x00000000ee600000,0x00000000ef400418,0x00000000ef600000)
  to   space 18432K, 0% used [0x00000000ed200000,0x00000000ed200000,0x00000000ee400000)
 ParOldGen       total 48128K, used 32323K [0x00000000a0000000, 0x00000000a2f00000, 0x00000000e0000000)
  object space 48128K, 67% used [0x00000000a0000000,0x00000000a1f90ca8,0x00000000a2f00000)
 Metaspace       used 57337K, capacity 59002K, committed 59096K, reserved 1099776K
  class space    used 7778K, capacity 8169K, committed 8192K, reserved 1048576K
}
Event: 43.525 GC heap before
{Heap before GC invocations=15 (full 3):
 PSYoungGen      total 231424K, used 14337K [0x00000000e0000000, 0x00000000ef600000, 0x0000000100000000)
  eden space 215040K, 0% used [0x00000000e0000000,0x00000000e0000000,0x00000000ed200000)
  from space 16384K, 87% used [0x00000000ee600000,0x00000000ef400418,0x00000000ef600000)
  to   space 18432K, 0% used [0x00000000ed200000,0x00000000ed200000,0x00000000ee400000)
 ParOldGen       total 48128K, used 32323K [0x00000000a0000000, 0x00000000a2f00000, 0x00000000e0000000)
  object space 48128K, 67% used [0x00000000a0000000,0x00000000a1f90ca8,0x00000000a2f00000)
 Metaspace       used 57337K, capacity 59002K, committed 59096K, reserved 1099776K
  class space    used 7778K, capacity 8169K, committed 8192K, reserved 1048576K
Event: 44.073 GC heap after
Heap after GC invocations=15 (full 3):
 PSYoungGen      total 231424K, used 0K [0x00000000e0000000, 0x00000000ef600000, 0x0000000100000000)
  eden space 215040K, 0% used [0x00000000e0000000,0x00000000e0000000,0x00000000ed200000)
  from space 16384K, 0% used [0x00000000ee600000,0x00000000ee600000,0x00000000ef600000)
  to   space 18432K, 0% used [0x00000000ed200000,0x00000000ed200000,0x00000000ee400000)
 ParOldGen       total 84992K, used 38334K [0x00000000a0000000, 0x00000000a5300000, 0x00000000e0000000)
  object space 84992K, 45% used [0x00000000a0000000,0x00000000a256fb70,0x00000000a5300000)
 Metaspace       used 57270K, capacity 58828K, committed 59096K, reserved 1099776K
  class space    used 7760K, capacity 8136K, committed 8192K, reserved 1048576K
}
Event: 107.118 GC heap before
{Heap before GC invocations=16 (full 3):
 PSYoungGen      total 231424K, used 215040K [0x00000000e0000000, 0x00000000ef600000, 0x0000000100000000)
  eden space 215040K, 100% used [0x00000000e0000000,0x00000000ed200000,0x00000000ed200000)
  from space 16384K, 0% used [0x00000000ee600000,0x00000000ee600000,0x00000000ef600000)
  to   space 18432K, 0% used [0x00000000ed200000,0x00000000ed200000,0x00000000ee400000)
 ParOldGen       total 84992K, used 38334K [0x00000000a0000000, 0x00000000a5300000, 0x00000000e0000000)
  object space 84992K, 45% used [0x00000000a0000000,0x00000000a256fb70,0x00000000a5300000)
 Metaspace       used 64027K, capacity 66228K, committed 66304K, reserved 1105920K
  class space    used 8435K, capacity 8928K, committed 8960K, reserved 1048576K
Event: 107.301 GC heap after
Heap after GC invocations=16 (full 3):
 PSYoungGen      total 233472K, used 18419K [0x00000000e0000000, 0x00000000f2780000, 0x0000000100000000)
  eden space 215040K, 0% used [0x00000000e0000000,0x00000000e0000000,0x00000000ed200000)
  from space 18432K, 99% used [0x00000000ed200000,0x00000000ee3fcfe8,0x00000000ee400000)
  to   space 20992K, 0% used [0x00000000f1300000,0x00000000f1300000,0x00000000f2780000)
 ParOldGen       total 84992K, used 38483K [0x00000000a0000000, 0x00000000a5300000, 0x00000000e0000000)
  object space 84992K, 45% used [0x00000000a0000000,0x00000000a2594f60,0x00000000a5300000)
 Metaspace       used 64027K, capacity 66228K, committed 66304K, reserved 1105920K
  class space    used 8435K, capacity 8928K, committed 8960K, reserved 1048576K
}

