# JRE version: OpenJDK Runtime Environment (8.0_202-b03) (build 1.8.0_202-release-1483-b03)
# Java VM: OpenJDK 64-Bit Server VM (25.202-b03 mixed mode windows-amd64 compressed oops)
Heap:
 PSYoungGen      total 105472K, used 83578K [0x00000000e0000000, 0x00000000e8f80000, 0x0000000100000000)
  eden space 97280K, 77% used [0x00000000e0000000,0x00000000e49d6e20,0x00000000e5f00000)
  from space 8192K, 97% used [0x00000000e8780000,0x00000000e8f47c90,0x00000000e8f80000)
  to   space 10752K, 0% used [0x00000000e7a80000,0x00000000e7a80000,0x00000000e8500000)
 ParOldGen       total 39424K, used 11186K [0x00000000a0000000, 0x00000000a2680000, 0x00000000e0000000)
  object space 39424K, 28% used [0x00000000a0000000,0x00000000a0aecb20,0x00000000a2680000)
 Metaspace       used 32651K, capacity 33174K, committed 33408K, reserved 1077248K
  class space    used 4502K, capacity 4684K, committed 4736K, reserved 1048576K
GC Heap History (10 events):
Event: 3.145 GC heap before
{Heap before GC invocations=5 (full 0):
 PSYoungGen      total 35328K, used 35312K [0x00000000e0000000, 0x00000000e2500000, 0x0000000100000000)
  eden space 32768K, 100% used [0x00000000e0000000,0x00000000e2000000,0x00000000e2000000)
  from space 2560K, 99% used [0x00000000e2280000,0x00000000e24fc030,0x00000000e2500000)
  to   space 2560K, 0% used [0x00000000e2000000,0x00000000e2000000,0x00000000e2280000)
 ParOldGen       total 44032K, used 2038K [0x00000000a0000000, 0x00000000a2b00000, 0x00000000e0000000)
  object space 44032K, 4% used [0x00000000a0000000,0x00000000a01fd9a8,0x00000000a2b00000)
 Metaspace       used 13125K, capacity 13466K, committed 13824K, reserved 1060864K
  class space    used 1807K, capacity 1931K, committed 2048K, reserved 1048576K
Event: 3.155 GC heap after
Heap after GC invocations=5 (full 0):
 PSYoungGen      total 35328K, used 2544K [0x00000000e0000000, 0x00000000e4c00000, 0x0000000100000000)
  eden space 32768K, 0% used [0x00000000e0000000,0x00000000e0000000,0x00000000e2000000)
  from space 2560K, 99% used [0x00000000e2000000,0x00000000e227c010,0x00000000e2280000)
  to   space 6144K, 0% used [0x00000000e4600000,0x00000000e4600000,0x00000000e4c00000)
 ParOldGen       total 44032K, used 5954K [0x00000000a0000000, 0x00000000a2b00000, 0x00000000e0000000)
  object space 44032K, 13% used [0x00000000a0000000,0x00000000a05d0978,0x00000000a2b00000)
 Metaspace       used 13125K, capacity 13466K, committed 13824K, reserved 1060864K
  class space    used 1807K, capacity 1931K, committed 2048K, reserved 1048576K
}
Event: 3.753 GC heap before
{Heap before GC invocations=6 (full 0):
 PSYoungGen      total 35328K, used 35312K [0x00000000e0000000, 0x00000000e4c00000, 0x0000000100000000)
  eden space 32768K, 100% used [0x00000000e0000000,0x00000000e2000000,0x00000000e2000000)
  from space 2560K, 99% used [0x00000000e2000000,0x00000000e227c010,0x00000000e2280000)
  to   space 6144K, 0% used [0x00000000e4600000,0x00000000e4600000,0x00000000e4c00000)
 ParOldGen       total 44032K, used 5954K [0x00000000a0000000, 0x00000000a2b00000, 0x00000000e0000000)
  object space 44032K, 13% used [0x00000000a0000000,0x00000000a05d0978,0x00000000a2b00000)
 Metaspace       used 15736K, capacity 16112K, committed 16256K, reserved 1062912K
  class space    used 2247K, capacity 2392K, committed 2432K, reserved 1048576K
Event: 3.764 GC heap after
Heap after GC invocations=6 (full 0):
 PSYoungGen      total 70656K, used 6129K [0x00000000e0000000, 0x00000000e4e00000, 0x0000000100000000)
  eden space 64512K, 0% used [0x00000000e0000000,0x00000000e0000000,0x00000000e3f00000)
  from space 6144K, 99% used [0x00000000e4600000,0x00000000e4bfc7b8,0x00000000e4c00000)
  to   space 7168K, 0% used [0x00000000e3f00000,0x00000000e3f00000,0x00000000e4600000)
 ParOldGen       total 44032K, used 6297K [0x00000000a0000000, 0x00000000a2b00000, 0x00000000e0000000)
  object space 44032K, 14% used [0x00000000a0000000,0x00000000a06266f8,0x00000000a2b00000)
 Metaspace       used 15736K, capacity 16112K, committed 16256K, reserved 1062912K
  class space    used 2247K, capacity 2392K, committed 2432K, reserved 1048576K
}
Event: 5.082 GC heap before
{Heap before GC invocations=7 (full 0):
 PSYoungGen      total 70656K, used 54993K [0x00000000e0000000, 0x00000000e4e00000, 0x0000000100000000)
  eden space 64512K, 75% used [0x00000000e0000000,0x00000000e2fb7dd8,0x00000000e3f00000)
  from space 6144K, 99% used [0x00000000e4600000,0x00000000e4bfc7b8,0x00000000e4c00000)
  to   space 7168K, 0% used [0x00000000e3f00000,0x00000000e3f00000,0x00000000e4600000)
 ParOldGen       total 44032K, used 6297K [0x00000000a0000000, 0x00000000a2b00000, 0x00000000e0000000)
  object space 44032K, 14% used [0x00000000a0000000,0x00000000a06266f8,0x00000000a2b00000)
 Metaspace       used 20688K, capacity 21182K, committed 21296K, reserved 1067008K
  class space    used 2956K, capacity 3151K, committed 3200K, reserved 1048576K
Event: 5.099 GC heap after
Heap after GC invocations=7 (full 0):
 PSYoungGen      total 71680K, used 7144K [0x00000000e0000000, 0x00000000e9100000, 0x0000000100000000)
  eden space 64512K, 0% used [0x00000000e0000000,0x00000000e0000000,0x00000000e3f00000)
  from space 7168K, 99% used [0x00000000e3f00000,0x00000000e45fa1f0,0x00000000e4600000)
  to   space 9728K, 0% used [0x00000000e8780000,0x00000000e8780000,0x00000000e9100000)
 ParOldGen       total 44032K, used 9024K [0x00000000a0000000, 0x00000000a2b00000, 0x00000000e0000000)
  object space 44032K, 20% used [0x00000000a0000000,0x00000000a08d00f0,0x00000000a2b00000)
 Metaspace       used 20688K, capacity 21182K, committed 21296K, reserved 1067008K
  class space    used 2956K, capacity 3151K, committed 3200K, reserved 1048576K
}
Event: 5.099 GC heap before
{Heap before GC invocations=8 (full 1):
 PSYoungGen      total 71680K, used 7144K [0x00000000e0000000, 0x00000000e9100000, 0x0000000100000000)
  eden space 64512K, 0% used [0x00000000e0000000,0x00000000e0000000,0x00000000e3f00000)
  from space 7168K, 99% used [0x00000000e3f00000,0x00000000e45fa1f0,0x00000000e4600000)
  to   space 9728K, 0% used [0x00000000e8780000,0x00000000e8780000,0x00000000e9100000)
 ParOldGen       total 44032K, used 9024K [0x00000000a0000000, 0x00000000a2b00000, 0x00000000e0000000)
  object space 44032K, 20% used [0x00000000a0000000,0x00000000a08d00f0,0x00000000a2b00000)
 Metaspace       used 20688K, capacity 21182K, committed 21296K, reserved 1067008K
  class space    used 2956K, capacity 3151K, committed 3200K, reserved 1048576K
Event: 5.160 GC heap after
Heap after GC invocations=8 (full 1):
 PSYoungGen      total 71680K, used 0K [0x00000000e0000000, 0x00000000e9100000, 0x0000000100000000)
  eden space 64512K, 0% used [0x00000000e0000000,0x00000000e0000000,0x00000000e3f00000)
  from space 7168K, 0% used [0x00000000e3f00000,0x00000000e3f00000,0x00000000e4600000)
  to   space 9728K, 0% used [0x00000000e8780000,0x00000000e8780000,0x00000000e9100000)
 ParOldGen       total 39424K, used 11178K [0x00000000a0000000, 0x00000000a2680000, 0x00000000e0000000)
  object space 39424K, 28% used [0x00000000a0000000,0x00000000a0aeab20,0x00000000a2680000)
 Metaspace       used 20688K, capacity 21182K, committed 21296K, reserved 1067008K
  class space    used 2956K, capacity 3151K, committed 3200K, reserved 1048576K
}
Event: 7.081 GC heap before
{Heap before GC invocations=9 (full 1):
 PSYoungGen      total 71680K, used 64512K [0x00000000e0000000, 0x00000000e9100000, 0x0000000100000000)
  eden space 64512K, 100% used [0x00000000e0000000,0x00000000e3f00000,0x00000000e3f00000)
  from space 7168K, 0% used [0x00000000e3f00000,0x00000000e3f00000,0x00000000e4600000)
  to   space 9728K, 0% used [0x00000000e8780000,0x00000000e8780000,0x00000000e9100000)
 ParOldGen       total 39424K, used 11178K [0x00000000a0000000, 0x00000000a2680000, 0x00000000e0000000)
  object space 39424K, 28% used [0x00000000a0000000,0x00000000a0aeab20,0x00000000a2680000)
 Metaspace       used 28906K, capacity 29490K, committed 29696K, reserved 1075200K
  class space    used 3904K, capacity 4096K, committed 4096K, reserved 1048576K
Event: 7.094 GC heap after
Heap after GC invocations=9 (full 1):
 PSYoungGen      total 105472K, used 7967K [0x00000000e0000000, 0x00000000e8f80000, 0x0000000100000000)
  eden space 97280K, 0% used [0x00000000e0000000,0x00000000e0000000,0x00000000e5f00000)
  from space 8192K, 97% used [0x00000000e8780000,0x00000000e8f47c90,0x00000000e8f80000)
  to   space 10752K, 0% used [0x00000000e7a80000,0x00000000e7a80000,0x00000000e8500000)
 ParOldGen       total 39424K, used 11186K [0x00000000a0000000, 0x00000000a2680000, 0x00000000e0000000)
  object space 39424K, 28% used [0x00000000a0000000,0x00000000a0aecb20,0x00000000a2680000)
 Metaspace       used 28906K, capacity 29490K, committed 29696K, reserved 1075200K
  class space    used 3904K, capacity 4096K, committed 4096K, reserved 1048576K
}

