# JRE version: OpenJDK Runtime Environment (8.0_202-b03) (build 1.8.0_202-release-1483-b03)
# Java VM: OpenJDK 64-Bit Server VM (25.202-b03 mixed mode windows-amd64 compressed oops)
Heap:
 PSYoungGen      total 422400K, used 77704K [0x00000000e0000000, 0x0000000100000000, 0x0000000100000000)
  eden space 368640K, 6% used [0x00000000e0000000,0x00000000e17e0d98,0x00000000f6800000)
  from space 53760K, 99% used [0x00000000f6800000,0x00000000f9c01640,0x00000000f9c80000)
  to   space 82432K, 0% used [0x00000000faf80000,0x00000000faf80000,0x0000000100000000)
 ParOldGen       total 314880K, used 223704K [0x00000000a0000000, 0x00000000b3380000, 0x00000000e0000000)
  object space 314880K, 71% used [0x00000000a0000000,0x00000000ada76240,0x00000000b3380000)
 Metaspace       used 118185K, capacity 123918K, committed 125900K, reserved 1159168K
  class space    used 15355K, capacity 16442K, committed 16884K, reserved 1048576K
GC Heap History (10 events):
Event: 1382.197 GC heap before
{Heap before GC invocations=64 (full 8):
 PSYoungGen      total 489984K, used 467680K [0x00000000e0000000, 0x00000000fff80000, 0x0000000100000000)
  eden space 458240K, 100% used [0x00000000e0000000,0x00000000fbf80000,0x00000000fbf80000)
  from space 31744K, 29% used [0x00000000fbf80000,0x00000000fc8b8020,0x00000000fde80000)
  to   space 30720K, 0% used [0x00000000fe180000,0x00000000fe180000,0x00000000fff80000)
 ParOldGen       total 268288K, used 174172K [0x00000000a0000000, 0x00000000b0600000, 0x00000000e0000000)
  object space 268288K, 64% used [0x00000000a0000000,0x00000000aaa17048,0x00000000b0600000)
 Metaspace       used 117604K, capacity 123440K, committed 125388K, reserved 1157120K
  class space    used 15320K, capacity 16435K, committed 16884K, reserved 1048576K
Event: 1383.730 GC heap after
Heap after GC invocations=64 (full 8):
 PSYoungGen      total 488960K, used 12620K [0x00000000e0000000, 0x00000000ffc00000, 0x0000000100000000)
  eden space 461824K, 0% used [0x00000000e0000000,0x00000000e0000000,0x00000000fc300000)
  from space 27136K, 46% used [0x00000000fe180000,0x00000000fedd3340,0x00000000ffc00000)
  to   space 29184K, 0% used [0x00000000fc300000,0x00000000fc300000,0x00000000fdf80000)
 ParOldGen       total 268288K, used 182788K [0x00000000a0000000, 0x00000000b0600000, 0x00000000e0000000)
  object space 268288K, 68% used [0x00000000a0000000,0x00000000ab2810c8,0x00000000b0600000)
 Metaspace       used 117604K, capacity 123440K, committed 125388K, reserved 1157120K
  class space    used 15320K, capacity 16435K, committed 16884K, reserved 1048576K
}
Event: 1393.148 GC heap before
{Heap before GC invocations=65 (full 8):
 PSYoungGen      total 488960K, used 474417K [0x00000000e0000000, 0x00000000ffc00000, 0x0000000100000000)
  eden space 461824K, 99% used [0x00000000e0000000,0x00000000fc2f9218,0x00000000fc300000)
  from space 27136K, 46% used [0x00000000fe180000,0x00000000fedd3340,0x00000000ffc00000)
  to   space 29184K, 0% used [0x00000000fc300000,0x00000000fc300000,0x00000000fdf80000)
 ParOldGen       total 268288K, used 182788K [0x00000000a0000000, 0x00000000b0600000, 0x00000000e0000000)
  object space 268288K, 68% used [0x00000000a0000000,0x00000000ab2810c8,0x00000000b0600000)
 Metaspace       used 117639K, capacity 123440K, committed 125388K, reserved 1157120K
  class space    used 15321K, capacity 16435K, committed 16884K, reserved 1048576K
Event: 1393.687 GC heap after
Heap after GC invocations=65 (full 8):
 PSYoungGen      total 491008K, used 8688K [0x00000000e0000000, 0x0000000100000000, 0x0000000100000000)
  eden space 461824K, 0% used [0x00000000e0000000,0x00000000e0000000,0x00000000fc300000)
  from space 29184K, 29% used [0x00000000fc300000,0x00000000fcb7c070,0x00000000fdf80000)
  to   space 28672K, 0% used [0x00000000fe400000,0x00000000fe400000,0x0000000100000000)
 ParOldGen       total 268288K, used 190068K [0x00000000a0000000, 0x00000000b0600000, 0x00000000e0000000)
  object space 268288K, 70% used [0x00000000a0000000,0x00000000ab99d290,0x00000000b0600000)
 Metaspace       used 117639K, capacity 123440K, committed 125388K, reserved 1157120K
  class space    used 15321K, capacity 16435K, committed 16884K, reserved 1048576K
}
Event: 1430.749 GC heap before
{Heap before GC invocations=66 (full 8):
 PSYoungGen      total 491008K, used 470512K [0x00000000e0000000, 0x0000000100000000, 0x0000000100000000)
  eden space 461824K, 100% used [0x00000000e0000000,0x00000000fc300000,0x00000000fc300000)
  from space 29184K, 29% used [0x00000000fc300000,0x00000000fcb7c070,0x00000000fdf80000)
  to   space 28672K, 0% used [0x00000000fe400000,0x00000000fe400000,0x0000000100000000)
 ParOldGen       total 268288K, used 190068K [0x00000000a0000000, 0x00000000b0600000, 0x00000000e0000000)
  object space 268288K, 70% used [0x00000000a0000000,0x00000000ab99d290,0x00000000b0600000)
 Metaspace       used 118315K, capacity 124246K, committed 125900K, reserved 1159168K
  class space    used 15399K, capacity 16522K, committed 16884K, reserved 1048576K
Event: 1434.767 GC heap after
Heap after GC invocations=66 (full 8):
 PSYoungGen      total 397312K, used 28663K [0x00000000e0000000, 0x0000000100000000, 0x0000000100000000)
  eden space 368640K, 0% used [0x00000000e0000000,0x00000000e0000000,0x00000000f6800000)
  from space 28672K, 99% used [0x00000000fe400000,0x00000000ffffdd58,0x0000000100000000)
  to   space 77824K, 0% used [0x00000000f6800000,0x00000000f6800000,0x00000000fb400000)
 ParOldGen       total 314880K, used 311706K [0x00000000a0000000, 0x00000000b3380000, 0x00000000e0000000)
  object space 314880K, 98% used [0x00000000a0000000,0x00000000b30668b8,0x00000000b3380000)
 Metaspace       used 118315K, capacity 124246K, committed 125900K, reserved 1159168K
  class space    used 15399K, capacity 16522K, committed 16884K, reserved 1048576K
}
Event: 1434.773 GC heap before
{Heap before GC invocations=67 (full 9):
 PSYoungGen      total 397312K, used 28663K [0x00000000e0000000, 0x0000000100000000, 0x0000000100000000)
  eden space 368640K, 0% used [0x00000000e0000000,0x00000000e0000000,0x00000000f6800000)
  from space 28672K, 99% used [0x00000000fe400000,0x00000000ffffdd58,0x0000000100000000)
  to   space 77824K, 0% used [0x00000000f6800000,0x00000000f6800000,0x00000000fb400000)
 ParOldGen       total 314880K, used 311706K [0x00000000a0000000, 0x00000000b3380000, 0x00000000e0000000)
  object space 314880K, 98% used [0x00000000a0000000,0x00000000b30668b8,0x00000000b3380000)
 Metaspace       used 118315K, capacity 124246K, committed 125900K, reserved 1159168K
  class space    used 15399K, capacity 16522K, committed 16884K, reserved 1048576K
Event: 1450.564 GC heap after
Heap after GC invocations=67 (full 9):
 PSYoungGen      total 397312K, used 0K [0x00000000e0000000, 0x0000000100000000, 0x0000000100000000)
  eden space 368640K, 0% used [0x00000000e0000000,0x00000000e0000000,0x00000000f6800000)
  from space 28672K, 0% used [0x00000000fe400000,0x00000000fe400000,0x0000000100000000)
  to   space 77824K, 0% used [0x00000000f6800000,0x00000000f6800000,0x00000000fb400000)
 ParOldGen       total 314880K, used 223704K [0x00000000a0000000, 0x00000000b3380000, 0x00000000e0000000)
  object space 314880K, 71% used [0x00000000a0000000,0x00000000ada76240,0x00000000b3380000)
 Metaspace       used 118172K, capacity 123918K, committed 125900K, reserved 1159168K
  class space    used 15355K, capacity 16442K, committed 16884K, reserved 1048576K
}
Event: 1463.639 GC heap before
{Heap before GC invocations=68 (full 9):
 PSYoungGen      total 397312K, used 368640K [0x00000000e0000000, 0x0000000100000000, 0x0000000100000000)
  eden space 368640K, 100% used [0x00000000e0000000,0x00000000f6800000,0x00000000f6800000)
  from space 28672K, 0% used [0x00000000fe400000,0x00000000fe400000,0x0000000100000000)
  to   space 77824K, 0% used [0x00000000f6800000,0x00000000f6800000,0x00000000fb400000)
 ParOldGen       total 314880K, used 223704K [0x00000000a0000000, 0x00000000b3380000, 0x00000000e0000000)
  object space 314880K, 71% used [0x00000000a0000000,0x00000000ada76240,0x00000000b3380000)
 Metaspace       used 118183K, capacity 123918K, committed 125900K, reserved 1159168K
  class space    used 15355K, capacity 16442K, committed 16884K, reserved 1048576K
Event: 1465.571 GC heap after
Heap after GC invocations=68 (full 9):
 PSYoungGen      total 422400K, used 53253K [0x00000000e0000000, 0x0000000100000000, 0x0000000100000000)
  eden space 368640K, 0% used [0x00000000e0000000,0x00000000e0000000,0x00000000f6800000)
  from space 53760K, 99% used [0x00000000f6800000,0x00000000f9c01640,0x00000000f9c80000)
  to   space 82432K, 0% used [0x00000000faf80000,0x00000000faf80000,0x0000000100000000)
 ParOldGen       total 314880K, used 223704K [0x00000000a0000000, 0x00000000b3380000, 0x00000000e0000000)
  object space 314880K, 71% used [0x00000000a0000000,0x00000000ada76240,0x00000000b3380000)
 Metaspace       used 118183K, capacity 123918K, committed 125900K, reserved 1159168K
  class space    used 15355K, capacity 16442K, committed 16884K, reserved 1048576K
}

