# JRE version: OpenJDK Runtime Environment (8.0_202-b03) (build 1.8.0_202-release-1483-b03)
# Java VM: OpenJDK 64-Bit Server VM (25.202-b03 mixed mode windows-amd64 compressed oops)
Heap:
 PSYoungGen      total 136704K, used 109458K [0x00000000e0000000, 0x00000000eb400000, 0x0000000100000000)
  eden space 123904K, 78% used [0x00000000e0000000,0x00000000e5e69398,0x00000000e7900000)
  from space 12800K, 99% used [0x00000000e7900000,0x00000000e857b5a0,0x00000000e8580000)
  to   space 15872K, 0% used [0x00000000ea480000,0x00000000ea480000,0x00000000eb400000)
 ParOldGen       total 59904K, used 19542K [0x00000000a0000000, 0x00000000a3a80000, 0x00000000e0000000)
  object space 59904K, 32% used [0x00000000a0000000,0x00000000a1315b30,0x00000000a3a80000)
 Metaspace       used 52509K, capacity 53938K, committed 54184K, reserved 1095680K
  class space    used 7127K, capacity 7499K, committed 7592K, reserved 1048576K
GC Heap History (10 events):
Event: 5.629 GC heap before
{Heap before GC invocations=9 (full 1):
 PSYoungGen      total 71680K, used 64512K [0x00000000e0000000, 0x00000000e9100000, 0x0000000100000000)
  eden space 64512K, 100% used [0x00000000e0000000,0x00000000e3f00000,0x00000000e3f00000)
  from space 7168K, 0% used [0x00000000e3f00000,0x00000000e3f00000,0x00000000e4600000)
  to   space 9728K, 0% used [0x00000000e8780000,0x00000000e8780000,0x00000000e9100000)
 ParOldGen       total 39424K, used 10867K [0x00000000a0000000, 0x00000000a2680000, 0x00000000e0000000)
  object space 39424K, 27% used [0x00000000a0000000,0x00000000a0a9cea8,0x00000000a2680000)
 Metaspace       used 28881K, capacity 29458K, committed 29696K, reserved 1075200K
  class space    used 3900K, capacity 4064K, committed 4096K, reserved 1048576K
Event: 5.637 GC heap after
Heap after GC invocations=9 (full 1):
 PSYoungGen      total 103424K, used 7954K [0x00000000e0000000, 0x00000000e8f80000, 0x0000000100000000)
  eden space 95232K, 0% used [0x00000000e0000000,0x00000000e0000000,0x00000000e5d00000)
  from space 8192K, 97% used [0x00000000e8780000,0x00000000e8f44b80,0x00000000e8f80000)
  to   space 10240K, 0% used [0x00000000e7b80000,0x00000000e7b80000,0x00000000e8580000)
 ParOldGen       total 39424K, used 10875K [0x00000000a0000000, 0x00000000a2680000, 0x00000000e0000000)
  object space 39424K, 27% used [0x00000000a0000000,0x00000000a0a9eea8,0x00000000a2680000)
 Metaspace       used 28881K, capacity 29458K, committed 29696K, reserved 1075200K
  class space    used 3900K, capacity 4064K, committed 4096K, reserved 1048576K
}
Event: 7.728 GC heap before
{Heap before GC invocations=10 (full 1):
 PSYoungGen      total 103424K, used 103186K [0x00000000e0000000, 0x00000000e8f80000, 0x0000000100000000)
  eden space 95232K, 100% used [0x00000000e0000000,0x00000000e5d00000,0x00000000e5d00000)
  from space 8192K, 97% used [0x00000000e8780000,0x00000000e8f44b80,0x00000000e8f80000)
  to   space 10240K, 0% used [0x00000000e7b80000,0x00000000e7b80000,0x00000000e8580000)
 ParOldGen       total 39424K, used 10875K [0x00000000a0000000, 0x00000000a2680000, 0x00000000e0000000)
  object space 39424K, 27% used [0x00000000a0000000,0x00000000a0a9eea8,0x00000000a2680000)
 Metaspace       used 33870K, capacity 34524K, committed 34944K, reserved 1079296K
  class space    used 4669K, capacity 4869K, committed 4992K, reserved 1048576K
Event: 7.739 GC heap after
Heap after GC invocations=10 (full 1):
 PSYoungGen      total 131072K, used 10217K [0x00000000e0000000, 0x00000000e8e00000, 0x0000000100000000)
  eden space 120832K, 0% used [0x00000000e0000000,0x00000000e0000000,0x00000000e7600000)
  from space 10240K, 99% used [0x00000000e7b80000,0x00000000e857a578,0x00000000e8580000)
  to   space 8704K, 0% used [0x00000000e8580000,0x00000000e8580000,0x00000000e8e00000)
 ParOldGen       total 39424K, used 11349K [0x00000000a0000000, 0x00000000a2680000, 0x00000000e0000000)
  object space 39424K, 28% used [0x00000000a0000000,0x00000000a0b154c8,0x00000000a2680000)
 Metaspace       used 33870K, capacity 34524K, committed 34944K, reserved 1079296K
  class space    used 4669K, capacity 4869K, committed 4992K, reserved 1048576K
}
Event: 8.307 GC heap before
{Heap before GC invocations=11 (full 1):
 PSYoungGen      total 131072K, used 38096K [0x00000000e0000000, 0x00000000e8e00000, 0x0000000100000000)
  eden space 120832K, 23% used [0x00000000e0000000,0x00000000e1b39ab0,0x00000000e7600000)
  from space 10240K, 99% used [0x00000000e7b80000,0x00000000e857a578,0x00000000e8580000)
  to   space 8704K, 0% used [0x00000000e8580000,0x00000000e8580000,0x00000000e8e00000)
 ParOldGen       total 39424K, used 11349K [0x00000000a0000000, 0x00000000a2680000, 0x00000000e0000000)
  object space 39424K, 28% used [0x00000000a0000000,0x00000000a0b154c8,0x00000000a2680000)
 Metaspace       used 34701K, capacity 35450K, committed 35496K, reserved 1079296K
  class space    used 4795K, capacity 5008K, committed 5032K, reserved 1048576K
Event: 8.316 GC heap after
Heap after GC invocations=11 (full 1):
 PSYoungGen      total 132608K, used 8699K [0x00000000e0000000, 0x00000000eb000000, 0x0000000100000000)
  eden space 123904K, 0% used [0x00000000e0000000,0x00000000e0000000,0x00000000e7900000)
  from space 8704K, 99% used [0x00000000e8580000,0x00000000e8dfed38,0x00000000e8e00000)
  to   space 12800K, 0% used [0x00000000e7900000,0x00000000e7900000,0x00000000e8580000)
 ParOldGen       total 39424K, used 12161K [0x00000000a0000000, 0x00000000a2680000, 0x00000000e0000000)
  object space 39424K, 30% used [0x00000000a0000000,0x00000000a0be05d8,0x00000000a2680000)
 Metaspace       used 34701K, capacity 35450K, committed 35496K, reserved 1079296K
  class space    used 4795K, capacity 5008K, committed 5032K, reserved 1048576K
}
Event: 8.316 GC heap before
{Heap before GC invocations=12 (full 2):
 PSYoungGen      total 132608K, used 8699K [0x00000000e0000000, 0x00000000eb000000, 0x0000000100000000)
  eden space 123904K, 0% used [0x00000000e0000000,0x00000000e0000000,0x00000000e7900000)
  from space 8704K, 99% used [0x00000000e8580000,0x00000000e8dfed38,0x00000000e8e00000)
  to   space 12800K, 0% used [0x00000000e7900000,0x00000000e7900000,0x00000000e8580000)
 ParOldGen       total 39424K, used 12161K [0x00000000a0000000, 0x00000000a2680000, 0x00000000e0000000)
  object space 39424K, 30% used [0x00000000a0000000,0x00000000a0be05d8,0x00000000a2680000)
 Metaspace       used 34701K, capacity 35450K, committed 35496K, reserved 1079296K
  class space    used 4795K, capacity 5008K, committed 5032K, reserved 1048576K
Event: 8.408 GC heap after
Heap after GC invocations=12 (full 2):
 PSYoungGen      total 132608K, used 0K [0x00000000e0000000, 0x00000000eb000000, 0x0000000100000000)
  eden space 123904K, 0% used [0x00000000e0000000,0x00000000e0000000,0x00000000e7900000)
  from space 8704K, 0% used [0x00000000e8580000,0x00000000e8580000,0x00000000e8e00000)
  to   space 12800K, 0% used [0x00000000e7900000,0x00000000e7900000,0x00000000e8580000)
 ParOldGen       total 59904K, used 16494K [0x00000000a0000000, 0x00000000a3a80000, 0x00000000e0000000)
  object space 59904K, 27% used [0x00000000a0000000,0x00000000a101bac8,0x00000000a3a80000)
 Metaspace       used 34669K, capacity 35342K, committed 35496K, reserved 1079296K
  class space    used 4785K, capacity 4990K, committed 5032K, reserved 1048576K
}
Event: 10.655 GC heap before
{Heap before GC invocations=13 (full 2):
 PSYoungGen      total 132608K, used 123904K [0x00000000e0000000, 0x00000000eb000000, 0x0000000100000000)
  eden space 123904K, 100% used [0x00000000e0000000,0x00000000e7900000,0x00000000e7900000)
  from space 8704K, 0% used [0x00000000e8580000,0x00000000e8580000,0x00000000e8e00000)
  to   space 12800K, 0% used [0x00000000e7900000,0x00000000e7900000,0x00000000e8580000)
 ParOldGen       total 59904K, used 16494K [0x00000000a0000000, 0x00000000a3a80000, 0x00000000e0000000)
  object space 59904K, 27% used [0x00000000a0000000,0x00000000a101bac8,0x00000000a3a80000)
 Metaspace       used 45572K, capacity 46566K, committed 46888K, reserved 1089536K
  class space    used 6147K, capacity 6422K, committed 6440K, reserved 1048576K
Event: 10.676 GC heap after
Heap after GC invocations=13 (full 2):
 PSYoungGen      total 136704K, used 12781K [0x00000000e0000000, 0x00000000eb400000, 0x0000000100000000)
  eden space 123904K, 0% used [0x00000000e0000000,0x00000000e0000000,0x00000000e7900000)
  from space 12800K, 99% used [0x00000000e7900000,0x00000000e857b5a0,0x00000000e8580000)
  to   space 15872K, 0% used [0x00000000ea480000,0x00000000ea480000,0x00000000eb400000)
 ParOldGen       total 59904K, used 19542K [0x00000000a0000000, 0x00000000a3a80000, 0x00000000e0000000)
  object space 59904K, 32% used [0x00000000a0000000,0x00000000a1315b30,0x00000000a3a80000)
 Metaspace       used 45572K, capacity 46566K, committed 46888K, reserved 1089536K
  class space    used 6147K, capacity 6422K, committed 6440K, reserved 1048576K
}

