# JRE version: OpenJDK Runtime Environment (8.0_202-b03) (build 1.8.0_202-release-1483-b03)
# Java VM: OpenJDK 64-Bit Server VM (25.202-b03 mixed mode windows-amd64 compressed oops)
Heap:
 PSYoungGen      total 218112K, used 206838K [0x00000000e0000000, 0x00000000eec00000, 0x0000000100000000)
  eden space 197632K, 99% used [0x00000000e0000000,0x00000000ec0b50f0,0x00000000ec100000)
  from space 20480K, 46% used [0x00000000ed800000,0x00000000ee148988,0x00000000eec00000)
  to   space 22016K, 0% used [0x00000000ec100000,0x00000000ec100000,0x00000000ed680000)
 ParOldGen       total 143360K, used 65906K [0x00000000a0000000, 0x00000000a8c00000, 0x00000000e0000000)
  object space 143360K, 45% used [0x00000000a0000000,0x00000000a405cac0,0x00000000a8c00000)
 Metaspace       used 82815K, capacity 86054K, committed 86232K, reserved 1124352K
  class space    used 11007K, capacity 11687K, committed 11776K, reserved 1048576K
GC Heap History (10 events):
Event: 2626.165 GC heap before
{Heap before GC invocations=24 (full 3):
 PSYoungGen      total 157184K, used 154615K [0x00000000e0000000, 0x00000000eac00000, 0x0000000100000000)
  eden space 144384K, 100% used [0x00000000e0000000,0x00000000e8d00000,0x00000000e8d00000)
  from space 12800K, 79% used [0x00000000e9f80000,0x00000000ea97df38,0x00000000eac00000)
  to   space 15872K, 0% used [0x00000000e8d00000,0x00000000e8d00000,0x00000000e9c80000)
 ParOldGen       total 89088K, used 39369K [0x00000000a0000000, 0x00000000a5700000, 0x00000000e0000000)
  object space 89088K, 44% used [0x00000000a0000000,0x00000000a26727e0,0x00000000a5700000)
 Metaspace       used 65379K, capacity 67520K, committed 67672K, reserved 1107968K
  class space    used 8572K, capacity 9051K, committed 9088K, reserved 1048576K
Event: 2626.293 GC heap after
Heap after GC invocations=24 (full 3):
 PSYoungGen      total 160256K, used 10116K [0x00000000e0000000, 0x00000000eca80000, 0x0000000100000000)
  eden space 144384K, 0% used [0x00000000e0000000,0x00000000e0000000,0x00000000e8d00000)
  from space 15872K, 63% used [0x00000000e8d00000,0x00000000e96e1148,0x00000000e9c80000)
  to   space 16384K, 0% used [0x00000000eba80000,0x00000000eba80000,0x00000000eca80000)
 ParOldGen       total 89088K, used 47861K [0x00000000a0000000, 0x00000000a5700000, 0x00000000e0000000)
  object space 89088K, 53% used [0x00000000a0000000,0x00000000a2ebd4f8,0x00000000a5700000)
 Metaspace       used 65379K, capacity 67520K, committed 67672K, reserved 1107968K
  class space    used 8572K, capacity 9051K, committed 9088K, reserved 1048576K
}
Event: 2641.923 GC heap before
{Heap before GC invocations=25 (full 3):
 PSYoungGen      total 160256K, used 154500K [0x00000000e0000000, 0x00000000eca80000, 0x0000000100000000)
  eden space 144384K, 100% used [0x00000000e0000000,0x00000000e8d00000,0x00000000e8d00000)
  from space 15872K, 63% used [0x00000000e8d00000,0x00000000e96e1148,0x00000000e9c80000)
  to   space 16384K, 0% used [0x00000000eba80000,0x00000000eba80000,0x00000000eca80000)
 ParOldGen       total 89088K, used 47861K [0x00000000a0000000, 0x00000000a5700000, 0x00000000e0000000)
  object space 89088K, 53% used [0x00000000a0000000,0x00000000a2ebd4f8,0x00000000a5700000)
 Metaspace       used 69683K, capacity 71892K, committed 72024K, reserved 1112064K
  class space    used 9088K, capacity 9571K, committed 9600K, reserved 1048576K
Event: 2641.971 GC heap after
Heap after GC invocations=25 (full 3):
 PSYoungGen      total 184832K, used 16383K [0x00000000e0000000, 0x00000000ed300000, 0x0000000100000000)
  eden space 168448K, 0% used [0x00000000e0000000,0x00000000e0000000,0x00000000ea480000)
  from space 16384K, 99% used [0x00000000eba80000,0x00000000eca7fdc0,0x00000000eca80000)
  to   space 22528K, 0% used [0x00000000ea480000,0x00000000ea480000,0x00000000eba80000)
 ParOldGen       total 89088K, used 58683K [0x00000000a0000000, 0x00000000a5700000, 0x00000000e0000000)
  object space 89088K, 65% used [0x00000000a0000000,0x00000000a394ece8,0x00000000a5700000)
 Metaspace       used 69683K, capacity 71892K, committed 72024K, reserved 1112064K
  class space    used 9088K, capacity 9571K, committed 9600K, reserved 1048576K
}
Event: 2647.117 GC heap before
{Heap before GC invocations=26 (full 3):
 PSYoungGen      total 184832K, used 184831K [0x00000000e0000000, 0x00000000ed300000, 0x0000000100000000)
  eden space 168448K, 100% used [0x00000000e0000000,0x00000000ea480000,0x00000000ea480000)
  from space 16384K, 99% used [0x00000000eba80000,0x00000000eca7fdc0,0x00000000eca80000)
  to   space 22528K, 0% used [0x00000000ea480000,0x00000000ea480000,0x00000000eba80000)
 ParOldGen       total 89088K, used 58683K [0x00000000a0000000, 0x00000000a5700000, 0x00000000e0000000)
  object space 89088K, 65% used [0x00000000a0000000,0x00000000a394ece8,0x00000000a5700000)
 Metaspace       used 77699K, capacity 80570K, committed 80728K, reserved 1120256K
  class space    used 10228K, capacity 10834K, committed 10880K, reserved 1048576K
Event: 2647.179 GC heap after
Heap after GC invocations=26 (full 3):
 PSYoungGen      total 190976K, used 14669K [0x00000000e0000000, 0x00000000eef00000, 0x0000000100000000)
  eden space 168448K, 0% used [0x00000000e0000000,0x00000000e0000000,0x00000000ea480000)
  from space 22528K, 65% used [0x00000000ea480000,0x00000000eb2d34a8,0x00000000eba80000)
  to   space 23552K, 0% used [0x00000000ed800000,0x00000000ed800000,0x00000000eef00000)
 ParOldGen       total 89088K, used 74160K [0x00000000a0000000, 0x00000000a5700000, 0x00000000e0000000)
  object space 89088K, 83% used [0x00000000a0000000,0x00000000a486c2a0,0x00000000a5700000)
 Metaspace       used 77699K, capacity 80570K, committed 80728K, reserved 1120256K
  class space    used 10228K, capacity 10834K, committed 10880K, reserved 1048576K
}
Event: 2647.179 GC heap before
{Heap before GC invocations=27 (full 4):
 PSYoungGen      total 190976K, used 14669K [0x00000000e0000000, 0x00000000eef00000, 0x0000000100000000)
  eden space 168448K, 0% used [0x00000000e0000000,0x00000000e0000000,0x00000000ea480000)
  from space 22528K, 65% used [0x00000000ea480000,0x00000000eb2d34a8,0x00000000eba80000)
  to   space 23552K, 0% used [0x00000000ed800000,0x00000000ed800000,0x00000000eef00000)
 ParOldGen       total 89088K, used 74160K [0x00000000a0000000, 0x00000000a5700000, 0x00000000e0000000)
  object space 89088K, 83% used [0x00000000a0000000,0x00000000a486c2a0,0x00000000a5700000)
 Metaspace       used 77699K, capacity 80570K, committed 80728K, reserved 1120256K
  class space    used 10228K, capacity 10834K, committed 10880K, reserved 1048576K
Event: 2648.587 GC heap after
Heap after GC invocations=27 (full 4):
 PSYoungGen      total 190976K, used 0K [0x00000000e0000000, 0x00000000eef00000, 0x0000000100000000)
  eden space 168448K, 0% used [0x00000000e0000000,0x00000000e0000000,0x00000000ea480000)
  from space 22528K, 0% used [0x00000000ea480000,0x00000000ea480000,0x00000000eba80000)
  to   space 23552K, 0% used [0x00000000ed800000,0x00000000ed800000,0x00000000eef00000)
 ParOldGen       total 143360K, used 65898K [0x00000000a0000000, 0x00000000a8c00000, 0x00000000e0000000)
  object space 143360K, 45% used [0x00000000a0000000,0x00000000a405aac0,0x00000000a8c00000)
 Metaspace       used 77238K, capacity 79578K, committed 80728K, reserved 1120256K
  class space    used 10107K, capacity 10622K, committed 10880K, reserved 1048576K
}
Event: 3057.690 GC heap before
{Heap before GC invocations=28 (full 4):
 PSYoungGen      total 190976K, used 168448K [0x00000000e0000000, 0x00000000eef00000, 0x0000000100000000)
  eden space 168448K, 100% used [0x00000000e0000000,0x00000000ea480000,0x00000000ea480000)
  from space 22528K, 0% used [0x00000000ea480000,0x00000000ea480000,0x00000000eba80000)
  to   space 23552K, 0% used [0x00000000ed800000,0x00000000ed800000,0x00000000eef00000)
 ParOldGen       total 143360K, used 65898K [0x00000000a0000000, 0x00000000a8c00000, 0x00000000e0000000)
  object space 143360K, 45% used [0x00000000a0000000,0x00000000a405aac0,0x00000000a8c00000)
 Metaspace       used 82527K, capacity 85716K, committed 85976K, reserved 1124352K
  class space    used 10988K, capacity 11661K, committed 11776K, reserved 1048576K
Event: 3057.901 GC heap after
Heap after GC invocations=28 (full 4):
 PSYoungGen      total 218112K, used 9506K [0x00000000e0000000, 0x00000000eec00000, 0x0000000100000000)
  eden space 197632K, 0% used [0x00000000e0000000,0x00000000e0000000,0x00000000ec100000)
  from space 20480K, 46% used [0x00000000ed800000,0x00000000ee148988,0x00000000eec00000)
  to   space 22016K, 0% used [0x00000000ec100000,0x00000000ec100000,0x00000000ed680000)
 ParOldGen       total 143360K, used 65906K [0x00000000a0000000, 0x00000000a8c00000, 0x00000000e0000000)
  object space 143360K, 45% used [0x00000000a0000000,0x00000000a405cac0,0x00000000a8c00000)
 Metaspace       used 82527K, capacity 85716K, committed 85976K, reserved 1124352K
  class space    used 10988K, capacity 11661K, committed 11776K, reserved 1048576K
}

