# JRE version: OpenJDK Runtime Environment (8.0_202-b03) (build 1.8.0_202-release-1483-b03)
# Java VM: OpenJDK 64-Bit Server VM (25.202-b03 mixed mode windows-amd64 compressed oops)
Heap:
 PSYoungGen      total 144384K, used 55220K [0x00000000e0000000, 0x00000000eb380000, 0x0000000100000000)
  eden space 128512K, 42% used [0x00000000e0000000,0x00000000e35ed078,0x00000000e7d80000)
  from space 15872K, 0% used [0x00000000e8d00000,0x00000000e8d00000,0x00000000e9c80000)
  to   space 15872K, 0% used [0x00000000e7d80000,0x00000000e7d80000,0x00000000e8d00000)
 ParOldGen       total 82432K, used 32070K [0x00000000a0000000, 0x00000000a5080000, 0x00000000e0000000)
  object space 82432K, 38% used [0x00000000a0000000,0x00000000a1f51930,0x00000000a5080000)
 Metaspace       used 59487K, capacity 61570K, committed 61720K, reserved 1101824K
  class space    used 8123K, capacity 8629K, committed 8744K, reserved 1048576K
GC Heap History (10 events):
Event: 12.811 GC heap before
{Heap before GC invocations=17 (full 2):
 PSYoungGen      total 97792K, used 89600K [0x00000000e0000000, 0x00000000e6b00000, 0x0000000100000000)
  eden space 89600K, 100% used [0x00000000e0000000,0x00000000e5780000,0x00000000e5780000)
  from space 8192K, 0% used [0x00000000e5f80000,0x00000000e5f80000,0x00000000e6780000)
  to   space 8192K, 0% used [0x00000000e5780000,0x00000000e5780000,0x00000000e5f80000)
 ParOldGen       total 57344K, used 16224K [0x00000000a0000000, 0x00000000a3800000, 0x00000000e0000000)
  object space 57344K, 28% used [0x00000000a0000000,0x00000000a0fd82f0,0x00000000a3800000)
 Metaspace       used 44584K, capacity 45456K, committed 45736K, reserved 1089536K
  class space    used 6001K, capacity 6226K, committed 6312K, reserved 1048576K
Event: 12.828 GC heap after
Heap after GC invocations=17 (full 2):
 PSYoungGen      total 97792K, used 8170K [0x00000000e0000000, 0x00000000e8380000, 0x0000000100000000)
  eden space 89600K, 0% used [0x00000000e0000000,0x00000000e0000000,0x00000000e5780000)
  from space 8192K, 99% used [0x00000000e5780000,0x00000000e5f7a960,0x00000000e5f80000)
  to   space 11264K, 0% used [0x00000000e7880000,0x00000000e7880000,0x00000000e8380000)
 ParOldGen       total 57344K, used 21853K [0x00000000a0000000, 0x00000000a3800000, 0x00000000e0000000)
  object space 57344K, 38% used [0x00000000a0000000,0x00000000a1557758,0x00000000a3800000)
 Metaspace       used 44584K, capacity 45456K, committed 45736K, reserved 1089536K
  class space    used 6001K, capacity 6226K, committed 6312K, reserved 1048576K
}
Event: 14.441 GC heap before
{Heap before GC invocations=18 (full 2):
 PSYoungGen      total 97792K, used 97770K [0x00000000e0000000, 0x00000000e8380000, 0x0000000100000000)
  eden space 89600K, 100% used [0x00000000e0000000,0x00000000e5780000,0x00000000e5780000)
  from space 8192K, 99% used [0x00000000e5780000,0x00000000e5f7a960,0x00000000e5f80000)
  to   space 11264K, 0% used [0x00000000e7880000,0x00000000e7880000,0x00000000e8380000)
 ParOldGen       total 57344K, used 21853K [0x00000000a0000000, 0x00000000a3800000, 0x00000000e0000000)
  object space 57344K, 38% used [0x00000000a0000000,0x00000000a1557758,0x00000000a3800000)
 Metaspace       used 50261K, capacity 51496K, committed 51752K, reserved 1093632K
  class space    used 6789K, capacity 7141K, committed 7208K, reserved 1048576K
Event: 14.461 GC heap after
Heap after GC invocations=18 (full 2):
 PSYoungGen      total 122368K, used 9844K [0x00000000e0000000, 0x00000000e8500000, 0x0000000100000000)
  eden space 111104K, 0% used [0x00000000e0000000,0x00000000e0000000,0x00000000e6c80000)
  from space 11264K, 87% used [0x00000000e7880000,0x00000000e821d0f0,0x00000000e8380000)
  to   space 12288K, 0% used [0x00000000e6c80000,0x00000000e6c80000,0x00000000e7880000)
 ParOldGen       total 57344K, used 27181K [0x00000000a0000000, 0x00000000a3800000, 0x00000000e0000000)
  object space 57344K, 47% used [0x00000000a0000000,0x00000000a1a8b770,0x00000000a3800000)
 Metaspace       used 50261K, capacity 51496K, committed 51752K, reserved 1093632K
  class space    used 6789K, capacity 7141K, committed 7208K, reserved 1048576K
}
Event: 17.349 GC heap before
{Heap before GC invocations=19 (full 2):
 PSYoungGen      total 122368K, used 120948K [0x00000000e0000000, 0x00000000e8500000, 0x0000000100000000)
  eden space 111104K, 100% used [0x00000000e0000000,0x00000000e6c80000,0x00000000e6c80000)
  from space 11264K, 87% used [0x00000000e7880000,0x00000000e821d0f0,0x00000000e8380000)
  to   space 12288K, 0% used [0x00000000e6c80000,0x00000000e6c80000,0x00000000e7880000)
 ParOldGen       total 57344K, used 27181K [0x00000000a0000000, 0x00000000a3800000, 0x00000000e0000000)
  object space 57344K, 47% used [0x00000000a0000000,0x00000000a1a8b770,0x00000000a3800000)
 Metaspace       used 57560K, capacity 59142K, committed 59160K, reserved 1099776K
  class space    used 7812K, capacity 8223K, committed 8232K, reserved 1048576K
Event: 17.374 GC heap after
Heap after GC invocations=19 (full 2):
 PSYoungGen      total 123392K, used 12256K [0x00000000e0000000, 0x00000000e9c80000, 0x0000000100000000)
  eden space 111104K, 0% used [0x00000000e0000000,0x00000000e0000000,0x00000000e6c80000)
  from space 12288K, 99% used [0x00000000e6c80000,0x00000000e7878338,0x00000000e7880000)
  to   space 15872K, 0% used [0x00000000e8d00000,0x00000000e8d00000,0x00000000e9c80000)
 ParOldGen       total 57344K, used 31420K [0x00000000a0000000, 0x00000000a3800000, 0x00000000e0000000)
  object space 57344K, 54% used [0x00000000a0000000,0x00000000a1eaf3d0,0x00000000a3800000)
 Metaspace       used 57560K, capacity 59142K, committed 59160K, reserved 1099776K
  class space    used 7812K, capacity 8223K, committed 8232K, reserved 1048576K
}
Event: 17.379 GC heap before
{Heap before GC invocations=20 (full 2):
 PSYoungGen      total 123392K, used 14458K [0x00000000e0000000, 0x00000000e9c80000, 0x0000000100000000)
  eden space 111104K, 1% used [0x00000000e0000000,0x00000000e02266c8,0x00000000e6c80000)
  from space 12288K, 99% used [0x00000000e6c80000,0x00000000e7878338,0x00000000e7880000)
  to   space 15872K, 0% used [0x00000000e8d00000,0x00000000e8d00000,0x00000000e9c80000)
 ParOldGen       total 57344K, used 31420K [0x00000000a0000000, 0x00000000a3800000, 0x00000000e0000000)
  object space 57344K, 54% used [0x00000000a0000000,0x00000000a1eaf3d0,0x00000000a3800000)
 Metaspace       used 57567K, capacity 59142K, committed 59160K, reserved 1099776K
  class space    used 7812K, capacity 8223K, committed 8232K, reserved 1048576K
Event: 17.395 GC heap after
Heap after GC invocations=20 (full 2):
 PSYoungGen      total 144384K, used 256K [0x00000000e0000000, 0x00000000eb380000, 0x0000000100000000)
  eden space 128512K, 0% used [0x00000000e0000000,0x00000000e0000000,0x00000000e7d80000)
  from space 15872K, 1% used [0x00000000e8d00000,0x00000000e8d40000,0x00000000e9c80000)
  to   space 15872K, 0% used [0x00000000e7d80000,0x00000000e7d80000,0x00000000e8d00000)
 ParOldGen       total 57344K, used 42751K [0x00000000a0000000, 0x00000000a3800000, 0x00000000e0000000)
  object space 57344K, 74% used [0x00000000a0000000,0x00000000a29bfda0,0x00000000a3800000)
 Metaspace       used 57567K, capacity 59142K, committed 59160K, reserved 1099776K
  class space    used 7812K, capacity 8223K, committed 8232K, reserved 1048576K
}
Event: 17.395 GC heap before
{Heap before GC invocations=21 (full 3):
 PSYoungGen      total 144384K, used 256K [0x00000000e0000000, 0x00000000eb380000, 0x0000000100000000)
  eden space 128512K, 0% used [0x00000000e0000000,0x00000000e0000000,0x00000000e7d80000)
  from space 15872K, 1% used [0x00000000e8d00000,0x00000000e8d40000,0x00000000e9c80000)
  to   space 15872K, 0% used [0x00000000e7d80000,0x00000000e7d80000,0x00000000e8d00000)
 ParOldGen       total 57344K, used 42751K [0x00000000a0000000, 0x00000000a3800000, 0x00000000e0000000)
  object space 57344K, 74% used [0x00000000a0000000,0x00000000a29bfda0,0x00000000a3800000)
 Metaspace       used 57567K, capacity 59142K, committed 59160K, reserved 1099776K
  class space    used 7812K, capacity 8223K, committed 8232K, reserved 1048576K
Event: 17.883 GC heap after
Heap after GC invocations=21 (full 3):
 PSYoungGen      total 144384K, used 0K [0x00000000e0000000, 0x00000000eb380000, 0x0000000100000000)
  eden space 128512K, 0% used [0x00000000e0000000,0x00000000e0000000,0x00000000e7d80000)
  from space 15872K, 0% used [0x00000000e8d00000,0x00000000e8d00000,0x00000000e9c80000)
  to   space 15872K, 0% used [0x00000000e7d80000,0x00000000e7d80000,0x00000000e8d00000)
 ParOldGen       total 82432K, used 32070K [0x00000000a0000000, 0x00000000a5080000, 0x00000000e0000000)
  object space 82432K, 38% used [0x00000000a0000000,0x00000000a1f51930,0x00000000a5080000)
 Metaspace       used 57567K, capacity 59142K, committed 59160K, reserved 1099776K
  class space    used 7812K, capacity 8223K, committed 8232K, reserved 1048576K
}

